<?xml version="1.0" encoding="UTF-8"?>
<coverage generated="1692282721083" clover="3.2.0">
  <project timestamp="1692282721083" name="All files">
    <metrics statements="23" coveredstatements="23" conditionals="11" coveredconditionals="11" methods="5" coveredmethods="5" elements="39" coveredelements="39" complexity="0" loc="23" ncloc="23" packages="1" files="3" classes="3"/>
    <file name="character.js" path="C:\Users\user\Desktop\ajs-homeworks\oop\src\js\character.js">
      <metrics statements="17" coveredstatements="17" conditionals="11" coveredconditionals="11" methods="3" coveredmethods="3"/>
      <line num="3" count="8" type="cond" truecount="5" falsecount="0"/>
      <line num="4" count="7" type="stmt"/>
      <line num="6" count="1" type="stmt"/>
      <line num="8" count="7" type="cond" truecount="2" falsecount="0"/>
      <line num="9" count="6" type="stmt"/>
      <line num="11" count="1" type="stmt"/>
      <line num="14" count="6" type="stmt"/>
      <line num="15" count="6" type="stmt"/>
      <line num="19" count="2" type="cond" truecount="2" falsecount="0"/>
      <line num="20" count="1" type="stmt"/>
      <line num="22" count="1" type="stmt"/>
      <line num="23" count="1" type="stmt"/>
      <line num="24" count="1" type="stmt"/>
      <line num="25" count="1" type="stmt"/>
      <line num="29" count="2" type="cond" truecount="2" falsecount="0"/>
      <line num="30" count="1" type="stmt"/>
      <line num="32" count="1" type="stmt"/>
    </file>
    <file name="undead.js" path="C:\Users\user\Desktop\ajs-homeworks\oop\src\js\undead.js">
      <metrics statements="3" coveredstatements="3" conditionals="0" coveredconditionals="0" methods="1" coveredmethods="1"/>
      <line num="5" count="2" type="stmt"/>
      <line num="6" count="2" type="stmt"/>
      <line num="7" count="2" type="stmt"/>
    </file>
    <file name="zombie.js" path="C:\Users\user\Desktop\ajs-homeworks\oop\src\js\zombie.js">
      <metrics statements="3" coveredstatements="3" conditionals="0" coveredconditionals="0" methods="1" coveredmethods="1"/>
      <line num="5" count="1" type="stmt"/>
      <line num="6" count="1" type="stmt"/>
      <line num="7" count="1" type="stmt"/>
    </file>
  </project>
</coverage>
