{"C:\\Users\\user\\Desktop\\ajs-homeworks\\oop\\src\\js\\character.js": {"path":"C:\\Users\\user\\Desktop\\ajs-homeworks\\oop\\src\\js\\character.js","statementMap":{"0":{"start":{"line":3,"column":4},"end":{"line":7,"column":5}},"1":{"start":{"line":4,"column":6},"end":{"line":4,"column":23}},"2":{"start":{"line":6,"column":6},"end":{"line":6,"column":53}},"3":{"start":{"line":8,"column":4},"end":{"line":12,"column":5}},"4":{"start":{"line":9,"column":6},"end":{"line":9,"column":23}},"5":{"start":{"line":11,"column":6},"end":{"line":11,"column":51}},"6":{"start":{"line":14,"column":4},"end":{"line":14,"column":22}},"7":{"start":{"line":15,"column":4},"end":{"line":15,"column":19}},"8":{"start":{"line":19,"column":4},"end":{"line":21,"column":5}},"9":{"start":{"line":20,"column":6},"end":{"line":20,"column":39}},"10":{"start":{"line":22,"column":4},"end":{"line":22,"column":20}},"11":{"start":{"line":23,"column":4},"end":{"line":23,"column":23}},"12":{"start":{"line":24,"column":4},"end":{"line":24,"column":24}},"13":{"start":{"line":25,"column":4},"end":{"line":25,"column":22}},"14":{"start":{"line":29,"column":4},"end":{"line":31,"column":5}},"15":{"start":{"line":30,"column":6},"end":{"line":30,"column":39}},"16":{"start":{"line":32,"column":4},"end":{"line":32,"column":53}}},"fnMap":{"0":{"name":"(anonymous_0)","decl":{"start":{"line":2,"column":2},"end":{"line":2,"column":3}},"loc":{"start":{"line":2,"column":26},"end":{"line":16,"column":3}},"line":2},"1":{"name":"(anonymous_1)","decl":{"start":{"line":18,"column":2},"end":{"line":18,"column":3}},"loc":{"start":{"line":18,"column":12},"end":{"line":26,"column":3}},"line":18},"2":{"name":"(anonymous_2)","decl":{"start":{"line":28,"column":2},"end":{"line":28,"column":3}},"loc":{"start":{"line":28,"column":17},"end":{"line":33,"column":3}},"line":28}},"branchMap":{"0":{"loc":{"start":{"line":3,"column":4},"end":{"line":7,"column":5}},"type":"if","locations":[{"start":{"line":3,"column":4},"end":{"line":7,"column":5}},{"start":{"line":5,"column":11},"end":{"line":7,"column":5}}],"line":3},"1":{"loc":{"start":{"line":3,"column":8},"end":{"line":3,"column":73}},"type":"binary-expr","locations":[{"start":{"line":3,"column":8},"end":{"line":3,"column":32}},{"start":{"line":3,"column":36},"end":{"line":3,"column":52}},{"start":{"line":3,"column":56},"end":{"line":3,"column":73}}],"line":3},"2":{"loc":{"start":{"line":8,"column":4},"end":{"line":12,"column":5}},"type":"if","locations":[{"start":{"line":8,"column":4},"end":{"line":12,"column":5}},{"start":{"line":10,"column":11},"end":{"line":12,"column":5}}],"line":8},"3":{"loc":{"start":{"line":19,"column":4},"end":{"line":21,"column":5}},"type":"if","locations":[{"start":{"line":19,"column":4},"end":{"line":21,"column":5}},{"start":{},"end":{}}],"line":19},"4":{"loc":{"start":{"line":29,"column":4},"end":{"line":31,"column":5}},"type":"if","locations":[{"start":{"line":29,"column":4},"end":{"line":31,"column":5}},{"start":{},"end":{}}],"line":29}},"s":{"0":8,"1":7,"2":1,"3":7,"4":6,"5":1,"6":6,"7":6,"8":2,"9":1,"10":1,"11":1,"12":1,"13":1,"14":2,"15":1,"16":1},"f":{"0":8,"1":2,"2":2},"b":{"0":[7,1],"1":[8,8,8],"2":[6,1],"3":[1,1],"4":[1,1]},"_coverageSchema":"1a1c01bbd47fc00a2c39e90264f33305004495a9","hash":"ef0d4f588394c968965175d5eddc44499c649e72"}
,"C:\\Users\\user\\Desktop\\ajs-homeworks\\oop\\src\\js\\undead.js": {"path":"C:\\Users\\user\\Desktop\\ajs-homeworks\\oop\\src\\js\\undead.js","statementMap":{"0":{"start":{"line":5,"column":4},"end":{"line":5,"column":26}},"1":{"start":{"line":6,"column":4},"end":{"line":6,"column":21}},"2":{"start":{"line":7,"column":4},"end":{"line":7,"column":22}}},"fnMap":{"0":{"name":"(anonymous_0)","decl":{"start":{"line":4,"column":2},"end":{"line":4,"column":3}},"loc":{"start":{"line":4,"column":20},"end":{"line":8,"column":3}},"line":4}},"branchMap":{},"s":{"0":2,"1":2,"2":2},"f":{"0":2},"b":{},"_coverageSchema":"1a1c01bbd47fc00a2c39e90264f33305004495a9","hash":"d6ad7e15cc1132a1424b9758b1f3448d60bff8b0"}
,"C:\\Users\\user\\Desktop\\ajs-homeworks\\oop\\src\\js\\zombie.js": {"path":"C:\\Users\\user\\Desktop\\ajs-homeworks\\oop\\src\\js\\zombie.js","statementMap":{"0":{"start":{"line":5,"column":4},"end":{"line":5,"column":26}},"1":{"start":{"line":6,"column":4},"end":{"line":6,"column":21}},"2":{"start":{"line":7,"column":4},"end":{"line":7,"column":22}}},"fnMap":{"0":{"name":"(anonymous_0)","decl":{"start":{"line":4,"column":2},"end":{"line":4,"column":3}},"loc":{"start":{"line":4,"column":20},"end":{"line":8,"column":3}},"line":4}},"branchMap":{},"s":{"0":1,"1":1,"2":1},"f":{"0":1},"b":{},"_coverageSchema":"1a1c01bbd47fc00a2c39e90264f33305004495a9","hash":"3c7976c21a67b136e2e8a5e3a8f316db7f4dc9ed"}
}
