TN:
SF:src\js\character.js
FN:2,(anonymous_0)
FN:18,(anonymous_1)
FN:28,(anonymous_2)
FNF:3
FNH:3
FNDA:8,(anonymous_0)
FNDA:2,(anonymous_1)
FNDA:2,(anonymous_2)
DA:3,8
DA:4,7
DA:6,1
DA:8,7
DA:9,6
DA:11,1
DA:14,6
DA:15,6
DA:19,2
DA:20,1
DA:22,1
DA:23,1
DA:24,1
DA:25,1
DA:29,2
DA:30,1
DA:32,1
LF:17
LH:17
BRDA:3,0,0,7
BRDA:3,0,1,1
BRDA:3,1,0,8
BRDA:3,1,1,8
BRDA:3,1,2,8
BRDA:8,2,0,6
BRDA:8,2,1,1
BRDA:19,3,0,1
BRDA:19,3,1,1
BRDA:29,4,0,1
BRDA:29,4,1,1
BRF:11
BRH:11
end_of_record
TN:
SF:src\js\undead.js
FN:4,(anonymous_0)
FNF:1
FNH:1
FNDA:2,(anonymous_0)
DA:5,2
DA:6,2
DA:7,2
LF:3
LH:3
BRF:0
BRH:0
end_of_record
TN:
SF:src\js\zombie.js
FN:4,(anonymous_0)
FNF:1
FNH:1
FNDA:1,(anonymous_0)
DA:5,1
DA:6,1
DA:7,1
LF:3
LH:3
BRF:0
BRH:0
end_of_record
