<?xml version="1.0" encoding="UTF-8"?>
<coverage generated="1694847109829" clover="3.2.0">
  <project timestamp="1694847109830" name="All files">
    <metrics statements="8" coveredstatements="8" conditionals="5" coveredconditionals="5" methods="2" coveredmethods="2" elements="15" coveredelements="15" complexity="0" loc="8" ncloc="8" packages="1" files="2" classes="2"/>
    <file name="mobileNumber.js" path="C:\Users\user\Desktop\ajs-homeworks\regex\src\js\mobileNumber.js">
      <metrics statements="4" coveredstatements="4" conditionals="2" coveredconditionals="2" methods="1" coveredmethods="1"/>
      <line num="3" count="2" type="stmt"/>
      <line num="4" count="2" type="cond" truecount="2" falsecount="0"/>
      <line num="5" count="1" type="stmt"/>
      <line num="7" count="1" type="stmt"/>
    </file>
    <file name="nicknames.js" path="C:\Users\user\Desktop\ajs-homeworks\regex\src\js\nicknames.js">
      <metrics statements="4" coveredstatements="4" conditionals="3" coveredconditionals="3" methods="1" coveredmethods="1"/>
      <line num="4" count="2" type="stmt"/>
      <line num="5" count="2" type="stmt"/>
      <line num="6" count="2" type="stmt"/>
      <line num="8" count="2" type="cond" truecount="3" falsecount="0"/>
    </file>
  </project>
</coverage>
