{"C:\\Users\\user\\Desktop\\ajs-homeworks\\regex\\src\\js\\mobileNumber.js": {"path":"C:\\Users\\user\\Desktop\\ajs-homeworks\\regex\\src\\js\\mobileNumber.js","statementMap":{"0":{"start":{"line":3,"column":22},"end":{"line":3,"column":55}},"1":{"start":{"line":4,"column":2},"end":{"line":6,"column":3}},"2":{"start":{"line":5,"column":4},"end":{"line":5,"column":23}},"3":{"start":{"line":7,"column":2},"end":{"line":7,"column":41}}},"fnMap":{"0":{"name":"validateNumber","decl":{"start":{"line":2,"column":24},"end":{"line":2,"column":38}},"loc":{"start":{"line":2,"column":50},"end":{"line":8,"column":1}},"line":2}},"branchMap":{"0":{"loc":{"start":{"line":4,"column":2},"end":{"line":6,"column":3}},"type":"if","locations":[{"start":{"line":4,"column":2},"end":{"line":6,"column":3}},{"start":{},"end":{}}],"line":4}},"s":{"0":2,"1":2,"2":1,"3":1},"f":{"0":2},"b":{"0":[1,1]},"_coverageSchema":"1a1c01bbd47fc00a2c39e90264f33305004495a9","hash":"9ea69ba8ec9acfbcb9dd9de5aaa1c858dbebb546"}
,"C:\\Users\\user\\Desktop\\ajs-homeworks\\regex\\src\\js\\nicknames.js": {"path":"C:\\Users\\user\\Desktop\\ajs-homeworks\\regex\\src\\js\\nicknames.js","statementMap":{"0":{"start":{"line":4,"column":28},"end":{"line":4,"column":38}},"1":{"start":{"line":5,"column":28},"end":{"line":5,"column":55}},"2":{"start":{"line":6,"column":26},"end":{"line":6,"column":36}},"3":{"start":{"line":8,"column":4},"end":{"line":8,"column":108}}},"fnMap":{"0":{"name":"(anonymous_0)","decl":{"start":{"line":3,"column":2},"end":{"line":3,"column":3}},"loc":{"start":{"line":3,"column":29},"end":{"line":9,"column":3}},"line":3}},"branchMap":{"0":{"loc":{"start":{"line":8,"column":11},"end":{"line":8,"column":107}},"type":"binary-expr","locations":[{"start":{"line":8,"column":11},"end":{"line":8,"column":41}},{"start":{"line":8,"column":45},"end":{"line":8,"column":75}},{"start":{"line":8,"column":79},"end":{"line":8,"column":107}}],"line":8}},"s":{"0":2,"1":2,"2":2,"3":2},"f":{"0":2},"b":{"0":[2,1,1]},"_coverageSchema":"1a1c01bbd47fc00a2c39e90264f33305004495a9","hash":"910bb876391d4fefe584971730288f675fa02661"}
}
